{"name": "test_register_user_with_last_name_contains_special_characters", "status": "failed", "statusDetails": {"message": "AssertionError: Test Failed! Characters: '!, #, $, %, &, *, /, @, ?, ^, ', :, <, >, ~, {, }, _, +, -, =, |, [, ], (, ), ;, \\, \", `, ,' are not allowed", "trace": "self = <test_cases.test_001_registration_ddt.TestUserRegistration object at 0x00000179FCB2F010>\nsetup = <selenium.webdriver.chrome.webdriver.WebDriver (session=\"a8f0b64c5201c965bd1f86e7cc774be3\")>\n\n    def test_register_user_with_last_name_contains_special_characters(self, setup):\n        self.open_register_form(setup)\n        self.logger.info(\"Starting test with last name contains special char\")\n        self.register_page = AccountRegistrationPage(setup)\n        l_name_with_char = [self.username + str(char) for char in self.chars]\n        not_allowed_chars = []\n        for l_name in l_name_with_char:\n            self.username = generate_random_username(7)\n            self.register_page.register(\n                self.username,\n                self.email,\n                self.password,\n                self.conf_password,\n                self.first_name,\n                l_name\n            )\n            try:\n                expected_error_text = \"The name must contains only letters\"\n                error_text = self.register_page.get_error_message()\n                assert error_text.is_displayed()\n                assert error_text.text == expected_error_text\n            except NoSuchElementException:\n                not_allowed_chars.append(l_name[-1])\n                self.my_account_page = MyAccountPage(self.driver)\n                self.my_account_page.click_logout()\n            self.home_page = HomePage(self.driver)\n            self.home_page.click_register()\n    \n        if len(not_allowed_chars) > 0:\n>           raise AssertionError(f\"Test Failed! Characters: '{', '.join(not_allowed_chars)}' are not allowed\")\nE           AssertionError: Test Failed! Characters: '!, #, $, %, &, *, /, @, ?, ^, ', :, <, >, ~, {, }, _, +, -, =, |, [, ], (, ), ;, \\, \", `, ,' are not allowed\n\ntest_cases\\test_001_registration_ddt.py:720: AssertionError"}, "attachments": [{"name": "log", "source": "db245c7d-6727-4b68-b8c7-09d74ac52c61-attachment.txt", "type": "text/plain"}], "start": 1702741234105, "stop": 1702741322741, "uuid": "09e9c472-e785-48e8-be79-273569b8fce8", "historyId": "7e15af73990a5ecb24b1edb3d730c916", "testCaseId": "7e15af73990a5ecb24b1edb3d730c916", "fullName": "test_cases.test_001_registration_ddt.TestUserRegistration#test_register_user_with_last_name_contains_special_characters", "labels": [{"name": "parentSuite", "value": "test_cases"}, {"name": "suite", "value": "test_001_registration_ddt"}, {"name": "subSuite", "value": "TestUserRegistration"}, {"name": "host", "value": "DESKTOP-53FL5C3"}, {"name": "thread", "value": "15436-MainThread"}, {"name": "framework", "value": "pytest"}, {"name": "language", "value": "cpython3"}, {"name": "package", "value": "test_cases.test_001_registration_ddt"}]}