{"name": "test_register_user_with_email_contains_special_char", "status": "failed", "statusDetails": {"message": "AssertionError: Test Failed! Characters: '!, #, $, %, &, *, /, ?, ^, ', ~, {, }, _, +, -, =, |, `' are not allowed", "trace": "self = <test_cases.test_001_registration_ddt.TestUserRegistration object at 0x00000254CF6CDC10>\nsetup = <selenium.webdriver.chrome.webdriver.WebDriver (session=\"7a948b5d74bbf79ffd99ada850e8f884\")>\n\n    def test_register_user_with_email_contains_special_char(self, setup):\n        self.open_register_form(setup)\n        self.logger.info(\"Starting test with email contains special char\")\n        self.register_page = AccountRegistrationPage(self.driver)\n        not_allowed_chars = []\n        base_email = 'something'\n        domain = '@yahoo.com'\n        emails = [base_email + char for char in self.chars]\n        for email in emails:\n            self.username = generate_random_username(5)\n            char = email[-1]\n            email += domain\n            self.register_page.register(\n                self.username,\n                email,\n                self.password,\n                self.conf_password,\n                self.first_name,\n                self.last_name\n            )\n            expected_message = 'The Email field is not a valid e-mail address.'\n            try:\n                message_element = self.register_page.get_error_message()\n                message_element_text = message_element.text\n                assert expected_message == message_element_text\n            except NoSuchElementException:\n                not_allowed_chars.append(char)\n                self.my_account_page = MyAccountPage(self.driver)\n                self.my_account_page.click_logout()\n            self.home_page = HomePage(self.driver)\n            self.home_page.click_register()\n        if not_allowed_chars:\n>           raise AssertionError(f\"Test Failed! Characters: '{', '.join(not_allowed_chars)}' are not allowed\")\nE           AssertionError: Test Failed! Characters: '!, #, $, %, &, *, /, ?, ^, ', ~, {, }, _, +, -, =, |, `' are not allowed\n\ntest_cases\\test_001_registration_ddt.py:403: AssertionError"}, "attachments": [{"name": "log", "source": "2463c4d5-65f7-4f89-b6ff-a3e167b46b9d-attachment.txt", "type": "text/plain"}], "start": 1702721194057, "stop": 1702721269469, "uuid": "020ef8ad-1a58-412c-b853-4edc68c8ab9f", "historyId": "848f4a2f6e84baa4547d06d50f7c7c59", "testCaseId": "848f4a2f6e84baa4547d06d50f7c7c59", "fullName": "test_001_registration_ddt.TestUserRegistration#test_register_user_with_email_contains_special_char", "labels": [{"name": "suite", "value": "test_001_registration_ddt"}, {"name": "subSuite", "value": "TestUserRegistration"}, {"name": "host", "value": "DESKTOP-53FL5C3"}, {"name": "thread", "value": "13048-MainThread"}, {"name": "framework", "value": "pytest"}, {"name": "language", "value": "cpython3"}, {"name": "package", "value": "test_001_registration_ddt"}]}