{"name": "test_register_user_with_email_contains_special_char", "status": "failed", "statusDetails": {"message": "AssertionError: Test Failed! Characters: '!, #, $, %, &, *, /, ?, ^, ', ~, {, }, _, +, -, =, |, `' are not allowed", "trace": "self = <test_cases.test_001_registration_ddt.TestUserRegistration object at 0x00000179FCB26F10>\nsetup = <selenium.webdriver.chrome.webdriver.WebDriver (session=\"07f49e3708a1e1008c9cece8c0950a0d\")>\n\n    def test_register_user_with_email_contains_special_char(self, setup):\n        self.open_register_form(setup)\n        self.logger.info(\"Starting test with email contains special char\")\n        self.register_page = AccountRegistrationPage(self.driver)\n        not_allowed_chars = []\n        base_email = 'something'\n        domain = '@yahoo.com'\n        emails = [base_email + char for char in self.chars]\n        for email in emails:\n            self.username = generate_random_username(5)\n            char = email[-1]\n            email += domain\n            self.register_page.register(\n                self.username,\n                email,\n                self.password,\n                self.conf_password,\n                self.first_name,\n                self.last_name\n            )\n            expected_message = 'The Email field is not a valid e-mail address.'\n            try:\n                message_element = self.register_page.get_error_message()\n                message_element_text = message_element.text\n                assert expected_message == message_element_text\n            except NoSuchElementException:\n                not_allowed_chars.append(char)\n                self.my_account_page = MyAccountPage(self.driver)\n                self.my_account_page.click_logout()\n            self.home_page = HomePage(self.driver)\n            self.home_page.click_register()\n        if not_allowed_chars:\n>           raise AssertionError(f\"Test Failed! Characters: '{', '.join(not_allowed_chars)}' are not allowed\")\nE           AssertionError: Test Failed! Characters: '!, #, $, %, &, *, /, ?, ^, ', ~, {, }, _, +, -, =, |, `' are not allowed\n\ntest_cases\\test_001_registration_ddt.py:400: AssertionError"}, "attachments": [{"name": "log", "source": "69b8bf4a-72cc-4cec-93ea-d108158b21b7-attachment.txt", "type": "text/plain"}], "start": 1702740855636, "stop": 1702740933668, "uuid": "1b599b6a-b392-4952-9e93-0d38166c8dd9", "historyId": "92bfaeb3830a73290915692aa6bebc6f", "testCaseId": "92bfaeb3830a73290915692aa6bebc6f", "fullName": "test_cases.test_001_registration_ddt.TestUserRegistration#test_register_user_with_email_contains_special_char", "labels": [{"name": "parentSuite", "value": "test_cases"}, {"name": "suite", "value": "test_001_registration_ddt"}, {"name": "subSuite", "value": "TestUserRegistration"}, {"name": "host", "value": "DESKTOP-53FL5C3"}, {"name": "thread", "value": "15436-MainThread"}, {"name": "framework", "value": "pytest"}, {"name": "language", "value": "cpython3"}, {"name": "package", "value": "test_cases.test_001_registration_ddt"}]}