{"name": "test_register_user_with_last_name_empty_string", "status": "failed", "statusDetails": {"message": "AssertionError: The last name must be at least 2 letters long.", "trace": "self = <test_cases.test_001_registration_ddt.TestUserRegistration object at 0x00000254CF6DAE90>\nsetup = <selenium.webdriver.chrome.webdriver.WebDriver (session=\"e6dbba81443ef56ae1223930f2e3b077\")>\n\n    def test_register_user_with_last_name_empty_string(self, setup):\n        self.open_register_form(setup)\n        self.logger.info(\"Starting test with last name empty field\")\n        self.register_page = AccountRegistrationPage(self.driver)\n        self.username = generate_random_username(8)\n        self.last_name = ''\n        self.register_page.register(\n            self.username,\n            self.email,\n            self.password,\n            self.conf_password,\n            self.first_name,\n            self.last_name\n        )\n    \n        try:\n            expected_error_text = \"The First Name field is required.\"\n            error_text = self.register_page.get_error_message()\n            assert error_text.is_displayed()\n>           assert error_text.text == expected_error_text\nE           AssertionError: assert 'The Last Nam... is required.' == 'The First Na... is required.'\nE             - The First Name field is required.\nE             ?     ^^^\nE             + The Last Name field is required.\nE             ?     ^^\n\ntest_cases\\test_001_registration_ddt.py:668: AssertionError\n\nDuring handling of the above exception, another exception occurred:\n\nself = <test_cases.test_001_registration_ddt.TestUserRegistration object at 0x00000254CF6DAE90>\nsetup = <selenium.webdriver.chrome.webdriver.WebDriver (session=\"e6dbba81443ef56ae1223930f2e3b077\")>\n\n    def test_register_user_with_last_name_empty_string(self, setup):\n        self.open_register_form(setup)\n        self.logger.info(\"Starting test with last name empty field\")\n        self.register_page = AccountRegistrationPage(self.driver)\n        self.username = generate_random_username(8)\n        self.last_name = ''\n        self.register_page.register(\n            self.username,\n            self.email,\n            self.password,\n            self.conf_password,\n            self.first_name,\n            self.last_name\n        )\n    \n        try:\n            expected_error_text = \"The First Name field is required.\"\n            error_text = self.register_page.get_error_message()\n            assert error_text.is_displayed()\n            assert error_text.text == expected_error_text\n        except:\n>           raise AssertionError(\"The last name must be at least 2 letters long.\")\nE           AssertionError: The last name must be at least 2 letters long.\n\ntest_cases\\test_001_registration_ddt.py:670: AssertionError"}, "attachments": [{"name": "log", "source": "50e74448-e805-4567-af14-4f5bc571610a-attachment.txt", "type": "text/plain"}], "start": 1702721483990, "stop": 1702721486252, "uuid": "8e37d347-fad2-4e11-a6b9-4e97fcb4505d", "historyId": "58124dd1bd5e990200e0ab4bef23f0ac", "testCaseId": "58124dd1bd5e990200e0ab4bef23f0ac", "fullName": "test_001_registration_ddt.TestUserRegistration#test_register_user_with_last_name_empty_string", "labels": [{"name": "suite", "value": "test_001_registration_ddt"}, {"name": "subSuite", "value": "TestUserRegistration"}, {"name": "host", "value": "DESKTOP-53FL5C3"}, {"name": "thread", "value": "13048-MainThread"}, {"name": "framework", "value": "pytest"}, {"name": "language", "value": "cpython3"}, {"name": "package", "value": "test_001_registration_ddt"}]}