{"name": "test_register_user_with_last_name_empty_string", "status": "failed", "statusDetails": {"message": "AssertionError: The last name must be at least 2 letters long.", "trace": "self = <test_cases.test_001_registration_ddt.TestUserRegistration object at 0x00000179FCB341D0>\nsetup = <selenium.webdriver.chrome.webdriver.WebDriver (session=\"b617582c9ce33c4b22c8d551179b9a02\")>\n\n    def test_register_user_with_last_name_empty_string(self, setup):\n        self.open_register_form(setup)\n        self.logger.info(\"Starting test with last name empty field\")\n        self.register_page = AccountRegistrationPage(self.driver)\n        self.username = generate_random_username(8)\n        self.last_name = ''\n        self.register_page.register(\n            self.username,\n            self.email,\n            self.password,\n            self.conf_password,\n            self.first_name,\n            self.last_name\n        )\n    \n        try:\n            expected_error_text = \"The First Name field is required.\"\n            error_text = self.register_page.get_error_message()\n            assert error_text.is_displayed()\n>           assert error_text.text == expected_error_text\nE           AssertionError: assert 'The Last Nam... is required.' == 'The First Na... is required.'\nE             - The First Name field is required.\nE             ?     ^^^\nE             + The Last Name field is required.\nE             ?     ^^\n\ntest_cases\\test_001_registration_ddt.py:665: AssertionError\n\nDuring handling of the above exception, another exception occurred:\n\nself = <test_cases.test_001_registration_ddt.TestUserRegistration object at 0x00000179FCB341D0>\nsetup = <selenium.webdriver.chrome.webdriver.WebDriver (session=\"b617582c9ce33c4b22c8d551179b9a02\")>\n\n    def test_register_user_with_last_name_empty_string(self, setup):\n        self.open_register_form(setup)\n        self.logger.info(\"Starting test with last name empty field\")\n        self.register_page = AccountRegistrationPage(self.driver)\n        self.username = generate_random_username(8)\n        self.last_name = ''\n        self.register_page.register(\n            self.username,\n            self.email,\n            self.password,\n            self.conf_password,\n            self.first_name,\n            self.last_name\n        )\n    \n        try:\n            expected_error_text = \"The First Name field is required.\"\n            error_text = self.register_page.get_error_message()\n            assert error_text.is_displayed()\n            assert error_text.text == expected_error_text\n        except:\n>           raise AssertionError(\"The last name must be at least 2 letters long.\")\nE           AssertionError: The last name must be at least 2 letters long.\n\ntest_cases\\test_001_registration_ddt.py:667: AssertionError"}, "attachments": [{"name": "log", "source": "7978e34b-1713-4435-a0b8-b7c8ff020ce8-attachment.txt", "type": "text/plain"}], "start": 1702741203540, "stop": 1702741206295, "uuid": "8445ebfe-c533-44d1-bb0d-add2d4d07bdf", "historyId": "3cbb32e95c76e0fb0daefcf6bdcc28d6", "testCaseId": "3cbb32e95c76e0fb0daefcf6bdcc28d6", "fullName": "test_cases.test_001_registration_ddt.TestUserRegistration#test_register_user_with_last_name_empty_string", "labels": [{"name": "parentSuite", "value": "test_cases"}, {"name": "suite", "value": "test_001_registration_ddt"}, {"name": "subSuite", "value": "TestUserRegistration"}, {"name": "host", "value": "DESKTOP-53FL5C3"}, {"name": "thread", "value": "15436-MainThread"}, {"name": "framework", "value": "pytest"}, {"name": "language", "value": "cpython3"}, {"name": "package", "value": "test_cases.test_001_registration_ddt"}]}