{"name": "test_register_user_with_username_contains_special_char", "status": "failed", "statusDetails": {"message": "AssertionError: Test Failed! Characters: '@, _, +, -' are not allowed", "trace": "self = <test_cases.test_001_registration_ddt.TestUserRegistration object at 0x00000254CF6C6910>\nsetup = <selenium.webdriver.chrome.webdriver.WebDriver (session=\"237f1ffd607f8d53908a650128b9f07b\")>\n\n    def test_register_user_with_username_contains_special_char(self, setup):\n        self.open_register_form(setup)\n        self.logger.info(\"Providing customer details for registration\")\n        self.register_page = AccountRegistrationPage(self.driver)\n        usernames_with_char = [self.username + str(char) for char in self.chars]\n        not_allowed_chars = []\n        for username in usernames_with_char:\n            self.register_page.register(\n                username,\n                self.email,\n                self.password,\n                self.conf_password,\n                self.first_name,\n                self.last_name\n            )\n    \n            expected_message = f\"Username '{username}' is invalid, can only contain letters or digits.\"\n            try:\n                message_element = self.register_page.get_error_message()\n                assert message_element.is_displayed()\n                assert expected_message == message_element.text\n            except NoSuchElementException:\n                not_allowed_chars.append(username[-1])\n                self.my_account_page = MyAccountPage(self.driver)\n                self.my_account_page.click_logout()\n            self.home_page = HomePage(self.driver)\n            self.home_page.click_register()\n        if len(not_allowed_chars) > 0:\n>           raise AssertionError(f\"Test Failed! Characters: '{', '.join(not_allowed_chars)}' are not allowed\")\nE           AssertionError: Test Failed! Characters: '@, _, +, -' are not allowed\n\ntest_cases\\test_001_registration_ddt.py:181: AssertionError"}, "attachments": [{"name": "log", "source": "b40c118f-d672-413d-b4a4-c837e3584dcd-attachment.txt", "type": "text/plain"}], "start": 1702721001909, "stop": 1702721086555, "uuid": "7936d698-92f4-4ead-b395-f854f3727d3f", "historyId": "c5188da848412d10a3a9cfa83ac38ee1", "testCaseId": "c5188da848412d10a3a9cfa83ac38ee1", "fullName": "test_001_registration_ddt.TestUserRegistration#test_register_user_with_username_contains_special_char", "labels": [{"name": "suite", "value": "test_001_registration_ddt"}, {"name": "subSuite", "value": "TestUserRegistration"}, {"name": "host", "value": "DESKTOP-53FL5C3"}, {"name": "thread", "value": "13048-MainThread"}, {"name": "framework", "value": "pytest"}, {"name": "language", "value": "cpython3"}, {"name": "package", "value": "test_001_registration_ddt"}]}