{"name": "test_register_user_with_last_name_contains_special_characters", "status": "failed", "statusDetails": {"message": "AssertionError: Test Failed! Characters: '!, #, $, %, &, *, /, @, ?, ^, ', :, <, >, ~, {, }, _, +, -, =, |, [, ], (, ), ;, \\, \", `, ,' are not allowed", "trace": "self = <test_cases.test_001_registration_ddt.TestUserRegistration object at 0x00000254CF6CD990>\nsetup = <selenium.webdriver.chrome.webdriver.WebDriver (session=\"5bd5386159dc808efdf10ab288ba6fe3\")>\n\n    def test_register_user_with_last_name_contains_special_characters(self, setup):\n        self.open_register_form(setup)\n        self.logger.info(\"Starting test with last name contains special char\")\n        self.register_page = AccountRegistrationPage(setup)\n        l_name_with_char = [self.username + str(char) for char in self.chars]\n        not_allowed_chars = []\n        for l_name in l_name_with_char:\n            self.username = generate_random_username(7)\n            self.register_page.register(\n                self.username,\n                self.email,\n                self.password,\n                self.conf_password,\n                self.first_name,\n                l_name\n            )\n            try:\n                expected_error_text = \"The name must contains only letters\"\n                error_text = self.register_page.get_error_message()\n                assert error_text.is_displayed()\n                assert error_text.text == expected_error_text\n            except NoSuchElementException:\n                not_allowed_chars.append(l_name[-1])\n                self.my_account_page = MyAccountPage(self.driver)\n                self.my_account_page.click_logout()\n            self.home_page = HomePage(self.driver)\n            self.home_page.click_register()\n    \n        if len(not_allowed_chars) > 0:\n>           raise AssertionError(f\"Test Failed! Characters: '{', '.join(not_allowed_chars)}' are not allowed\")\nE           AssertionError: Test Failed! Characters: '!, #, $, %, &, *, /, @, ?, ^, ', :, <, >, ~, {, }, _, +, -, =, |, [, ], (, ), ;, \\, \", `, ,' are not allowed\n\ntest_cases\\test_001_registration_ddt.py:723: AssertionError"}, "attachments": [{"name": "log", "source": "b408bd74-5e1d-4b0b-ab19-67c7464c38ad-attachment.txt", "type": "text/plain"}], "start": 1702721508296, "stop": 1702721595885, "uuid": "f3ef6dfa-85b2-4132-8cd9-d2600c000f7a", "historyId": "2d48ddb6775900ed479d2fdf16accfdd", "testCaseId": "2d48ddb6775900ed479d2fdf16accfdd", "fullName": "test_001_registration_ddt.TestUserRegistration#test_register_user_with_last_name_contains_special_characters", "labels": [{"name": "suite", "value": "test_001_registration_ddt"}, {"name": "subSuite", "value": "TestUserRegistration"}, {"name": "host", "value": "DESKTOP-53FL5C3"}, {"name": "thread", "value": "13048-MainThread"}, {"name": "framework", "value": "pytest"}, {"name": "language", "value": "cpython3"}, {"name": "package", "value": "test_001_registration_ddt"}]}